=========================
Fcitx 5.0.16 -- Get Signal No.: 6
Date: try "date -d @1653985639" if you are using GNU date ***
ProcessID: 5030
/usr/bin/fcitx5(+0x129fc)[0x55b79c1cf9fc]
/usr/lib/libc.so.6(+0x3e8e0)[0x7f9a478198e0]
/usr/lib/libc.so.6(+0x8e36c)[0x7f9a4786936c]
/usr/lib/libc.so.6(raise+0x18)[0x7f9a47819838]
/usr/lib/libc.so.6(abort+0xcf)[0x7f9a47803535]
/usr/lib/libstdc++.so.6(+0x99833)[0x7f9a47aa3833]
/usr/lib/libstdc++.so.6(+0xa5bfc)[0x7f9a47aafbfc]
/usr/lib/libstdc++.so.6(+0xa4bba)[0x7f9a47aaebba]
/usr/lib/libstdc++.so.6(__gxx_personality_v0+0x9a)[0x7f9a47aaf33a]
/usr/lib/libgcc_s.so.1(+0x16774)[0x7f9a479fe774]
/usr/lib/libgcc_s.so.1(_Unwind_Resume+0x12d)[0x7f9a479ff1ed]
/usr/bin/fcitx5(+0xa630)[0x55b79c1c7630]
/usr/bin/fcitx5(+0x1ae92)[0x55b79c1d7e92]
/usr/lib/libFcitx5Core.so.7(_ZNK5fcitx8Instance9postEventERNS_5EventE+0x206)[0x7f9a47d82436]
/usr/lib/libFcitx5Core.so.7(_ZN5fcitx12InputContext8keyEventERNS_8KeyEventE+0xa6)[0x7f9a47da4ef6]
/usr/lib/fcitx5/libdbusfrontend.so(+0x12c8a)[0x7f9a46180c8a]
/usr/lib/fcitx5/libdbusfrontend.so(+0x13394)[0x7f9a46181394]
/usr/lib/libFcitx5Utils.so.2(+0x3d35a)[0x7f9a47cc235a]
/usr/lib/libsystemd.so.0(+0x36e2d)[0x7f9a476e3e2d]
/usr/lib/libsystemd.so.0(+0x460ea)[0x7f9a476f30ea]
/usr/lib/libsystemd.so.0(+0x4e028)[0x7f9a476fb028]
/usr/lib/libsystemd.so.0(+0x7997b)[0x7f9a4772697b]
/usr/lib/libsystemd.so.0(sd_event_dispatch+0x116)[0x7f9a47730fd6]
/usr/lib/libsystemd.so.0(sd_event_run+0x119)[0x7f9a47731259]
/usr/lib/libsystemd.so.0(sd_event_loop+0x60)[0x7f9a47731430]
/usr/lib/libFcitx5Utils.so.2(_ZN5fcitx9EventLoop4execEv+0x16)[0x7f9a47cc0f26]
/usr/lib/libFcitx5Core.so.7(_ZN5fcitx8Instance4execEv+0x57)[0x7f9a47d85157]
/usr/bin/fcitx5(+0x10f28)[0x55b79c1cdf28]
/usr/lib/libc.so.6(+0x29290)[0x7f9a47804290]
/usr/lib/libc.so.6(__libc_start_main+0x8a)[0x7f9a4780434a]
/usr/bin/fcitx5(+0x11fd5)[0x55b79c1cefd5]
